<?xml version="1.0" encoding="UTF-8"?>
<testng-results skipped="0" failed="0" ignored="0" total="1" passed="1">
  <reporter-output>
  </reporter-output>
  <suite name="Default suite" duration-ms="29612" started-at="2018-11-29T12:36:02Z" finished-at="2018-11-29T12:36:32Z">
    <groups>
    </groups>
    <test name="Default test" duration-ms="29612" started-at="2018-11-29T12:36:02Z" finished-at="2018-11-29T12:36:32Z">
      <class name="ecommerce.magenta.testcases.TestDisableFields">
        <test-method status="PASS" signature="init()[pri:0, instance:ecommerce.magenta.testcases.TestDisableFields@e25b2fe]" name="init" is-config="true" duration-ms="7646" started-at="2018-11-29T12:36:02Z" finished-at="2018-11-29T12:36:10Z">
          <reporter-output>
          </reporter-output>
        </test-method> <!-- init -->
        <test-method status="PASS" signature="verifyOpenCustomerDetail()[pri:0, instance:ecommerce.magenta.testcases.TestDisableFields@e25b2fe]" name="verifyOpenCustomerDetail" duration-ms="19602" started-at="2018-11-29T12:36:10Z" finished-at="2018-11-29T12:36:29Z">
          <reporter-output>
          </reporter-output>
        </test-method> <!-- verifyOpenCustomerDetail -->
        <test-method status="PASS" signature="tearDown()[pri:0, instance:ecommerce.magenta.testcases.TestDisableFields@e25b2fe]" name="tearDown" is-config="true" duration-ms="2319" started-at="2018-11-29T12:36:29Z" finished-at="2018-11-29T12:36:32Z">
          <reporter-output>
          </reporter-output>
        </test-method> <!-- tearDown -->
      </class> <!-- ecommerce.magenta.testcases.TestDisableFields -->
    </test> <!-- Default test -->
  </suite> <!-- Default suite -->
</testng-results>
